0 info it worked if it ends with ok
1 verbose cli [ 'C:\\Program Files\\nodejs\\node.exe',
1 verbose cli   'C:\\Program Files\\nodejs\\node_modules\\npm\\bin\\npm-cli.js',
1 verbose cli   'install' ]
2 info using npm@4.1.2
3 info using node@v7.7.2
4 silly loadCurrentTree Starting
5 silly install loadCurrentTree
6 silly install readLocalPackageData
7 silly install normalizeTree
8 silly loadCurrentTree Finishing
9 silly loadIdealTree Starting
10 silly install loadIdealTree
11 silly cloneCurrentTree Starting
12 silly install cloneCurrentTreeToIdealTree
13 silly cloneCurrentTree Finishing
14 silly loadShrinkwrap Starting
15 silly install loadShrinkwrap
16 silly loadShrinkwrap Finishing
17 silly loadAllDepsIntoIdealTree Starting
18 silly install loadAllDepsIntoIdealTree
19 silly fetchNamedPackageData bcrypt
20 silly mapToRegistry name bcrypt
21 silly mapToRegistry using default registry
22 silly mapToRegistry registry https://registry.npmjs.org/
23 silly mapToRegistry data Result {
23 silly mapToRegistry   raw: 'bcrypt',
23 silly mapToRegistry   scope: null,
23 silly mapToRegistry   escapedName: 'bcrypt',
23 silly mapToRegistry   name: 'bcrypt',
23 silly mapToRegistry   rawSpec: '',
23 silly mapToRegistry   spec: 'latest',
23 silly mapToRegistry   type: 'tag' }
24 silly mapToRegistry uri https://registry.npmjs.org/bcrypt
25 verbose request uri https://registry.npmjs.org/bcrypt
26 verbose request no auth needed
27 info attempt registry request try #1 at 7:48:19 PM
28 verbose request id 3707b9283ba79f2f
29 verbose etag W/"595539f6-16fdd"
30 verbose lastModified Thu, 29 Jun 2017 17:33:42 GMT
31 http request GET https://registry.npmjs.org/bcrypt
32 http 304 https://registry.npmjs.org/bcrypt
33 verbose headers { date: 'Sat, 01 Jul 2017 14:18:17 GMT',
33 verbose headers   via: '1.1 varnish',
33 verbose headers   'cache-control': 'max-age=300',
33 verbose headers   etag: 'W/"595539f6-16fdd"',
33 verbose headers   age: '257',
33 verbose headers   connection: 'keep-alive',
33 verbose headers   'x-served-by': 'cache-sin18030-SIN',
33 verbose headers   'x-cache': 'HIT',
33 verbose headers   'x-cache-hits': '2',
33 verbose headers   'x-timer': 'S1498918697.270511,VS0,VE0',
33 verbose headers   vary: 'Accept-Encoding' }
34 silly get cb [ 304,
34 silly get   { date: 'Sat, 01 Jul 2017 14:18:17 GMT',
34 silly get     via: '1.1 varnish',
34 silly get     'cache-control': 'max-age=300',
34 silly get     etag: 'W/"595539f6-16fdd"',
34 silly get     age: '257',
34 silly get     connection: 'keep-alive',
34 silly get     'x-served-by': 'cache-sin18030-SIN',
34 silly get     'x-cache': 'HIT',
34 silly get     'x-cache-hits': '2',
34 silly get     'x-timer': 'S1498918697.270511,VS0,VE0',
34 silly get     vary: 'Accept-Encoding' } ]
35 verbose etag https://registry.npmjs.org/bcrypt from cache
36 verbose get saving bcrypt to C:\Users\aayus\AppData\Roaming\npm-cache\registry.npmjs.org\bcrypt\.cache.json
37 verbose correctMkdir C:\Users\aayus\AppData\Roaming\npm-cache correctMkdir not in flight; initializing
38 silly pickManifestFromRegistryMetadata spec >=0.8.5 <0.9.0 tag latest versions [ '0.1.2',
38 silly pickManifestFromRegistryMetadata   '0.2.0',
38 silly pickManifestFromRegistryMetadata   '0.2.1',
38 silly pickManifestFromRegistryMetadata   '0.1.3',
38 silly pickManifestFromRegistryMetadata   '0.2.2',
38 silly pickManifestFromRegistryMetadata   '0.2.3',
38 silly pickManifestFromRegistryMetadata   '0.2.4',
38 silly pickManifestFromRegistryMetadata   '0.3.0',
38 silly pickManifestFromRegistryMetadata   '0.3.1',
38 silly pickManifestFromRegistryMetadata   '0.3.2',
38 silly pickManifestFromRegistryMetadata   '0.4.0',
38 silly pickManifestFromRegistryMetadata   '0.4.1',
38 silly pickManifestFromRegistryMetadata   '0.5.0',
38 silly pickManifestFromRegistryMetadata   '0.6.0',
38 silly pickManifestFromRegistryMetadata   '0.7.0',
38 silly pickManifestFromRegistryMetadata   '0.7.1',
38 silly pickManifestFromRegistryMetadata   '0.7.2',
38 silly pickManifestFromRegistryMetadata   '0.7.3',
38 silly pickManifestFromRegistryMetadata   '0.7.4',
38 silly pickManifestFromRegistryMetadata   '0.7.5',
38 silly pickManifestFromRegistryMetadata   '0.7.6',
38 silly pickManifestFromRegistryMetadata   '0.7.7',
38 silly pickManifestFromRegistryMetadata   '0.7.8',
38 silly pickManifestFromRegistryMetadata   '0.8.0',
38 silly pickManifestFromRegistryMetadata   '0.8.1',
38 silly pickManifestFromRegistryMetadata   '0.8.2',
38 silly pickManifestFromRegistryMetadata   '0.8.3',
38 silly pickManifestFromRegistryMetadata   '0.8.4',
38 silly pickManifestFromRegistryMetadata   '0.8.5',
38 silly pickManifestFromRegistryMetadata   '0.8.6',
38 silly pickManifestFromRegistryMetadata   '0.8.7',
38 silly pickManifestFromRegistryMetadata   '1.0.0',
38 silly pickManifestFromRegistryMetadata   '1.0.1',
38 silly pickManifestFromRegistryMetadata   '1.0.2' ]
39 silly resolveWithNewModule bcrypt@0.8.7 checking installable status
40 silly cache add args [ 'bcrypt@^0.8.5', null ]
41 verbose cache add spec bcrypt@^0.8.5
42 silly cache add parsed spec Result {
42 silly cache add   raw: 'bcrypt@^0.8.5',
42 silly cache add   scope: null,
42 silly cache add   escapedName: 'bcrypt',
42 silly cache add   name: 'bcrypt',
42 silly cache add   rawSpec: '^0.8.5',
42 silly cache add   spec: '>=0.8.5 <0.9.0',
42 silly cache add   type: 'range' }
43 silly addNamed bcrypt@>=0.8.5 <0.9.0
44 verbose addNamed ">=0.8.5 <0.9.0" is a valid semver range for bcrypt
45 silly addNameRange { name: 'bcrypt', range: '>=0.8.5 <0.9.0', hasData: false }
46 silly mapToRegistry name bcrypt
47 silly mapToRegistry using default registry
48 silly mapToRegistry registry https://registry.npmjs.org/
49 silly mapToRegistry data Result {
49 silly mapToRegistry   raw: 'bcrypt',
49 silly mapToRegistry   scope: null,
49 silly mapToRegistry   escapedName: 'bcrypt',
49 silly mapToRegistry   name: 'bcrypt',
49 silly mapToRegistry   rawSpec: '',
49 silly mapToRegistry   spec: 'latest',
49 silly mapToRegistry   type: 'tag' }
50 silly mapToRegistry uri https://registry.npmjs.org/bcrypt
51 verbose addNameRange registry:https://registry.npmjs.org/bcrypt not in flight; fetching
52 verbose get https://registry.npmjs.org/bcrypt not expired, no request
53 silly addNameRange number 2 { name: 'bcrypt', range: '>=0.8.5 <0.9.0', hasData: true }
54 silly addNameRange versions [ 'bcrypt',
54 silly addNameRange   [ '0.1.2',
54 silly addNameRange     '0.2.0',
54 silly addNameRange     '0.2.1',
54 silly addNameRange     '0.1.3',
54 silly addNameRange     '0.2.2',
54 silly addNameRange     '0.2.3',
54 silly addNameRange     '0.2.4',
54 silly addNameRange     '0.3.0',
54 silly addNameRange     '0.3.1',
54 silly addNameRange     '0.3.2',
54 silly addNameRange     '0.4.0',
54 silly addNameRange     '0.4.1',
54 silly addNameRange     '0.5.0',
54 silly addNameRange     '0.6.0',
54 silly addNameRange     '0.7.0',
54 silly addNameRange     '0.7.1',
54 silly addNameRange     '0.7.2',
54 silly addNameRange     '0.7.3',
54 silly addNameRange     '0.7.4',
54 silly addNameRange     '0.7.5',
54 silly addNameRange     '0.7.6',
54 silly addNameRange     '0.7.7',
54 silly addNameRange     '0.7.8',
54 silly addNameRange     '0.8.0',
54 silly addNameRange     '0.8.1',
54 silly addNameRange     '0.8.2',
54 silly addNameRange     '0.8.3',
54 silly addNameRange     '0.8.4',
54 silly addNameRange     '0.8.5',
54 silly addNameRange     '0.8.6',
54 silly addNameRange     '0.8.7',
54 silly addNameRange     '1.0.0',
54 silly addNameRange     '1.0.1',
54 silly addNameRange     '1.0.2' ] ]
55 silly pickManifestFromRegistryMetadata spec >=0.8.5 <0.9.0 tag latest versions [ '0.1.2',
55 silly pickManifestFromRegistryMetadata   '0.2.0',
55 silly pickManifestFromRegistryMetadata   '0.2.1',
55 silly pickManifestFromRegistryMetadata   '0.1.3',
55 silly pickManifestFromRegistryMetadata   '0.2.2',
55 silly pickManifestFromRegistryMetadata   '0.2.3',
55 silly pickManifestFromRegistryMetadata   '0.2.4',
55 silly pickManifestFromRegistryMetadata   '0.3.0',
55 silly pickManifestFromRegistryMetadata   '0.3.1',
55 silly pickManifestFromRegistryMetadata   '0.3.2',
55 silly pickManifestFromRegistryMetadata   '0.4.0',
55 silly pickManifestFromRegistryMetadata   '0.4.1',
55 silly pickManifestFromRegistryMetadata   '0.5.0',
55 silly pickManifestFromRegistryMetadata   '0.6.0',
55 silly pickManifestFromRegistryMetadata   '0.7.0',
55 silly pickManifestFromRegistryMetadata   '0.7.1',
55 silly pickManifestFromRegistryMetadata   '0.7.2',
55 silly pickManifestFromRegistryMetadata   '0.7.3',
55 silly pickManifestFromRegistryMetadata   '0.7.4',
55 silly pickManifestFromRegistryMetadata   '0.7.5',
55 silly pickManifestFromRegistryMetadata   '0.7.6',
55 silly pickManifestFromRegistryMetadata   '0.7.7',
55 silly pickManifestFromRegistryMetadata   '0.7.8',
55 silly pickManifestFromRegistryMetadata   '0.8.0',
55 silly pickManifestFromRegistryMetadata   '0.8.1',
55 silly pickManifestFromRegistryMetadata   '0.8.2',
55 silly pickManifestFromRegistryMetadata   '0.8.3',
55 silly pickManifestFromRegistryMetadata   '0.8.4',
55 silly pickManifestFromRegistryMetadata   '0.8.5',
55 silly pickManifestFromRegistryMetadata   '0.8.6',
55 silly pickManifestFromRegistryMetadata   '0.8.7',
55 silly pickManifestFromRegistryMetadata   '1.0.0',
55 silly pickManifestFromRegistryMetadata   '1.0.1',
55 silly pickManifestFromRegistryMetadata   '1.0.2' ]
56 silly addNamed bcrypt@0.8.7
57 verbose addNamed "0.8.7" is a plain semver version for bcrypt
58 silly cache afterAdd bcrypt@0.8.7
59 verbose afterAdd C:\Users\aayus\AppData\Roaming\npm-cache\bcrypt\0.8.7\package\package.json not in flight; writing
60 verbose correctMkdir C:\Users\aayus\AppData\Roaming\npm-cache correctMkdir not in flight; initializing
61 verbose afterAdd C:\Users\aayus\AppData\Roaming\npm-cache\bcrypt\0.8.7\package\package.json written
62 silly fetchNamedPackageData bindings
63 silly mapToRegistry name bindings
64 silly mapToRegistry using default registry
65 silly mapToRegistry registry https://registry.npmjs.org/
66 silly mapToRegistry data Result {
66 silly mapToRegistry   raw: 'bindings',
66 silly mapToRegistry   scope: null,
66 silly mapToRegistry   escapedName: 'bindings',
66 silly mapToRegistry   name: 'bindings',
66 silly mapToRegistry   rawSpec: '',
66 silly mapToRegistry   spec: 'latest',
66 silly mapToRegistry   type: 'tag' }
67 silly mapToRegistry uri https://registry.npmjs.org/bindings
68 silly fetchNamedPackageData nan
69 silly mapToRegistry name nan
70 silly mapToRegistry using default registry
71 silly mapToRegistry registry https://registry.npmjs.org/
72 silly mapToRegistry data Result {
72 silly mapToRegistry   raw: 'nan',
72 silly mapToRegistry   scope: null,
72 silly mapToRegistry   escapedName: 'nan',
72 silly mapToRegistry   name: 'nan',
72 silly mapToRegistry   rawSpec: '',
72 silly mapToRegistry   spec: 'latest',
72 silly mapToRegistry   type: 'tag' }
73 silly mapToRegistry uri https://registry.npmjs.org/nan
74 verbose request uri https://registry.npmjs.org/bindings
75 verbose request no auth needed
76 info attempt registry request try #1 at 7:48:21 PM
77 verbose etag W/"59234f99-46bf"
78 verbose lastModified Mon, 22 May 2017 20:52:41 GMT
79 http request GET https://registry.npmjs.org/bindings
80 verbose request uri https://registry.npmjs.org/nan
81 verbose request no auth needed
82 info attempt registry request try #1 at 7:48:21 PM
83 verbose etag W/"592dfb8f-1f9f8"
84 verbose lastModified Tue, 30 May 2017 23:09:03 GMT
85 http request GET https://registry.npmjs.org/nan
86 http 304 https://registry.npmjs.org/bindings
87 verbose headers { date: 'Sat, 01 Jul 2017 14:18:17 GMT',
87 verbose headers   via: '1.1 varnish',
87 verbose headers   'cache-control': 'max-age=300',
87 verbose headers   etag: 'W/"59234f99-46bf"',
87 verbose headers   age: '199',
87 verbose headers   connection: 'keep-alive',
87 verbose headers   'x-served-by': 'cache-sin18030-SIN',
87 verbose headers   'x-cache': 'HIT',
87 verbose headers   'x-cache-hits': '2',
87 verbose headers   'x-timer': 'S1498918698.615249,VS0,VE0',
87 verbose headers   vary: 'Accept-Encoding' }
88 silly get cb [ 304,
88 silly get   { date: 'Sat, 01 Jul 2017 14:18:17 GMT',
88 silly get     via: '1.1 varnish',
88 silly get     'cache-control': 'max-age=300',
88 silly get     etag: 'W/"59234f99-46bf"',
88 silly get     age: '199',
88 silly get     connection: 'keep-alive',
88 silly get     'x-served-by': 'cache-sin18030-SIN',
88 silly get     'x-cache': 'HIT',
88 silly get     'x-cache-hits': '2',
88 silly get     'x-timer': 'S1498918698.615249,VS0,VE0',
88 silly get     vary: 'Accept-Encoding' } ]
89 verbose etag https://registry.npmjs.org/bindings from cache
90 verbose get saving bindings to C:\Users\aayus\AppData\Roaming\npm-cache\registry.npmjs.org\bindings\.cache.json
91 verbose correctMkdir C:\Users\aayus\AppData\Roaming\npm-cache correctMkdir not in flight; initializing
92 silly pickManifestFromRegistryMetadata spec 1.2.1 tag latest versions [ '0.0.1',
92 silly pickManifestFromRegistryMetadata   '0.1.0',
92 silly pickManifestFromRegistryMetadata   '0.1.1',
92 silly pickManifestFromRegistryMetadata   '0.2.0',
92 silly pickManifestFromRegistryMetadata   '0.2.1',
92 silly pickManifestFromRegistryMetadata   '0.2.2',
92 silly pickManifestFromRegistryMetadata   '0.2.3',
92 silly pickManifestFromRegistryMetadata   '0.2.4',
92 silly pickManifestFromRegistryMetadata   '0.3.0',
92 silly pickManifestFromRegistryMetadata   '0.4.0',
92 silly pickManifestFromRegistryMetadata   '1.0.0',
92 silly pickManifestFromRegistryMetadata   '1.1.0',
92 silly pickManifestFromRegistryMetadata   '1.1.1',
92 silly pickManifestFromRegistryMetadata   '1.2.0',
92 silly pickManifestFromRegistryMetadata   '1.2.1' ]
93 silly resolveWithNewModule bindings@1.2.1 checking installable status
94 silly cache add args [ 'bindings@1.2.1', null ]
95 verbose cache add spec bindings@1.2.1
96 silly cache add parsed spec Result {
96 silly cache add   raw: 'bindings@1.2.1',
96 silly cache add   scope: null,
96 silly cache add   escapedName: 'bindings',
96 silly cache add   name: 'bindings',
96 silly cache add   rawSpec: '1.2.1',
96 silly cache add   spec: '1.2.1',
96 silly cache add   type: 'version' }
97 silly addNamed bindings@1.2.1
98 verbose addNamed "1.2.1" is a plain semver version for bindings
99 silly mapToRegistry name bindings
100 silly mapToRegistry using default registry
101 silly mapToRegistry registry https://registry.npmjs.org/
102 silly mapToRegistry data Result {
102 silly mapToRegistry   raw: 'bindings',
102 silly mapToRegistry   scope: null,
102 silly mapToRegistry   escapedName: 'bindings',
102 silly mapToRegistry   name: 'bindings',
102 silly mapToRegistry   rawSpec: '',
102 silly mapToRegistry   spec: 'latest',
102 silly mapToRegistry   type: 'tag' }
103 silly mapToRegistry uri https://registry.npmjs.org/bindings
104 verbose addNameVersion registry:https://registry.npmjs.org/bindings not in flight; fetching
105 verbose get https://registry.npmjs.org/bindings not expired, no request
106 silly cache afterAdd bindings@1.2.1
107 verbose afterAdd C:\Users\aayus\AppData\Roaming\npm-cache\bindings\1.2.1\package\package.json not in flight; writing
108 verbose correctMkdir C:\Users\aayus\AppData\Roaming\npm-cache correctMkdir not in flight; initializing
109 verbose afterAdd C:\Users\aayus\AppData\Roaming\npm-cache\bindings\1.2.1\package\package.json written
110 http 304 https://registry.npmjs.org/nan
111 verbose headers { date: 'Sat, 01 Jul 2017 14:18:17 GMT',
111 verbose headers   via: '1.1 varnish',
111 verbose headers   'cache-control': 'max-age=300',
111 verbose headers   etag: 'W/"592dfb8f-1f9f8"',
111 verbose headers   age: '265',
111 verbose headers   connection: 'keep-alive',
111 verbose headers   'x-served-by': 'cache-sin18021-SIN',
111 verbose headers   'x-cache': 'HIT',
111 verbose headers   'x-cache-hits': '4',
111 verbose headers   'x-timer': 'S1498918698.782033,VS0,VE0',
111 verbose headers   vary: 'Accept-Encoding' }
112 silly get cb [ 304,
112 silly get   { date: 'Sat, 01 Jul 2017 14:18:17 GMT',
112 silly get     via: '1.1 varnish',
112 silly get     'cache-control': 'max-age=300',
112 silly get     etag: 'W/"592dfb8f-1f9f8"',
112 silly get     age: '265',
112 silly get     connection: 'keep-alive',
112 silly get     'x-served-by': 'cache-sin18021-SIN',
112 silly get     'x-cache': 'HIT',
112 silly get     'x-cache-hits': '4',
112 silly get     'x-timer': 'S1498918698.782033,VS0,VE0',
112 silly get     vary: 'Accept-Encoding' } ]
113 verbose etag https://registry.npmjs.org/nan from cache
114 verbose get saving nan to C:\Users\aayus\AppData\Roaming\npm-cache\registry.npmjs.org\nan\.cache.json
115 verbose correctMkdir C:\Users\aayus\AppData\Roaming\npm-cache correctMkdir not in flight; initializing
116 silly pickManifestFromRegistryMetadata spec 2.3.5 tag latest versions [ '0.3.0-wip',
116 silly pickManifestFromRegistryMetadata   '0.3.0-wip2',
116 silly pickManifestFromRegistryMetadata   '0.3.0',
116 silly pickManifestFromRegistryMetadata   '0.3.1',
116 silly pickManifestFromRegistryMetadata   '0.3.2',
116 silly pickManifestFromRegistryMetadata   '0.4.0',
116 silly pickManifestFromRegistryMetadata   '0.4.1',
116 silly pickManifestFromRegistryMetadata   '0.4.2',
116 silly pickManifestFromRegistryMetadata   '0.4.3',
116 silly pickManifestFromRegistryMetadata   '0.4.4',
116 silly pickManifestFromRegistryMetadata   '0.5.0',
116 silly pickManifestFromRegistryMetadata   '0.5.1',
116 silly pickManifestFromRegistryMetadata   '0.5.2',
116 silly pickManifestFromRegistryMetadata   '0.6.0',
116 silly pickManifestFromRegistryMetadata   '0.7.0',
116 silly pickManifestFromRegistryMetadata   '0.7.1',
116 silly pickManifestFromRegistryMetadata   '0.8.0',
116 silly pickManifestFromRegistryMetadata   '1.0.0',
116 silly pickManifestFromRegistryMetadata   '1.1.0',
116 silly pickManifestFromRegistryMetadata   '1.1.1',
116 silly pickManifestFromRegistryMetadata   '1.1.2',
116 silly pickManifestFromRegistryMetadata   '1.2.0',
116 silly pickManifestFromRegistryMetadata   '1.3.0',
116 silly pickManifestFromRegistryMetadata   '1.4.0',
116 silly pickManifestFromRegistryMetadata   '1.4.1',
116 silly pickManifestFromRegistryMetadata   '1.5.0',
116 silly pickManifestFromRegistryMetadata   '1.4.2',
116 silly pickManifestFromRegistryMetadata   '1.4.3',
116 silly pickManifestFromRegistryMetadata   '1.5.1',
116 silly pickManifestFromRegistryMetadata   '1.5.2',
116 silly pickManifestFromRegistryMetadata   '1.6.0',
116 silly pickManifestFromRegistryMetadata   '1.5.3',
116 silly pickManifestFromRegistryMetadata   '1.6.1',
116 silly pickManifestFromRegistryMetadata   '1.6.2',
116 silly pickManifestFromRegistryMetadata   '1.7.0',
116 silly pickManifestFromRegistryMetadata   '1.8.0',
116 silly pickManifestFromRegistryMetadata   '1.8.1',
116 silly pickManifestFromRegistryMetadata   '1.8.2',
116 silly pickManifestFromRegistryMetadata   '1.8.3',
116 silly pickManifestFromRegistryMetadata   '1.8.4',
116 silly pickManifestFromRegistryMetadata   '1.9.0',
116 silly pickManifestFromRegistryMetadata   '2.0.0',
116 silly pickManifestFromRegistryMetadata   '2.0.1',
116 silly pickManifestFromRegistryMetadata   '2.0.2',
116 silly pickManifestFromRegistryMetadata   '2.0.3',
116 silly pickManifestFromRegistryMetadata   '2.0.4',
116 silly pickManifestFromRegistryMetadata   '2.0.5',
116 silly pickManifestFromRegistryMetadata   '2.0.6',
116 silly pickManifestFromRegistryMetadata   '2.0.7',
116 silly pickManifestFromRegistryMetadata   '2.0.8',
116 silly pickManifestFromRegistryMetadata   '2.0.9',
116 silly pickManifestFromRegistryMetadata   '2.1.0',
116 silly pickManifestFromRegistryMetadata   '2.2.0',
116 silly pickManifestFromRegistryMetadata   '2.2.1',
116 silly pickManifestFromRegistryMetadata   '2.3.0',
116 silly pickManifestFromRegistryMetadata   '2.3.1',
116 silly pickManifestFromRegistryMetadata   '2.3.2',
116 silly pickManifestFromRegistryMetadata   '2.3.3',
116 silly pickManifestFromRegistryMetadata   '2.3.4',
116 silly pickManifestFromRegistryMetadata   '2.3.5',
116 silly pickManifestFromRegistryMetadata   '2.4.0',
116 silly pickManifestFromRegistryMetadata   '2.5.0',
116 silly pickManifestFromRegistryMetadata   '2.5.1',
116 silly pickManifestFromRegistryMetadata   '2.6.0',
116 silly pickManifestFromRegistryMetadata   '2.6.1',
116 silly pickManifestFromRegistryMetadata   '2.6.2' ]
117 silly resolveWithNewModule nan@2.3.5 checking installable status
118 silly cache add args [ 'nan@2.3.5', null ]
119 verbose cache add spec nan@2.3.5
120 silly cache add parsed spec Result {
120 silly cache add   raw: 'nan@2.3.5',
120 silly cache add   scope: null,
120 silly cache add   escapedName: 'nan',
120 silly cache add   name: 'nan',
120 silly cache add   rawSpec: '2.3.5',
120 silly cache add   spec: '2.3.5',
120 silly cache add   type: 'version' }
121 silly addNamed nan@2.3.5
122 verbose addNamed "2.3.5" is a plain semver version for nan
123 silly mapToRegistry name nan
124 silly mapToRegistry using default registry
125 silly mapToRegistry registry https://registry.npmjs.org/
126 silly mapToRegistry data Result {
126 silly mapToRegistry   raw: 'nan',
126 silly mapToRegistry   scope: null,
126 silly mapToRegistry   escapedName: 'nan',
126 silly mapToRegistry   name: 'nan',
126 silly mapToRegistry   rawSpec: '',
126 silly mapToRegistry   spec: 'latest',
126 silly mapToRegistry   type: 'tag' }
127 silly mapToRegistry uri https://registry.npmjs.org/nan
128 verbose addNameVersion registry:https://registry.npmjs.org/nan not in flight; fetching
129 verbose get https://registry.npmjs.org/nan not expired, no request
130 silly cache afterAdd nan@2.3.5
131 verbose afterAdd C:\Users\aayus\AppData\Roaming\npm-cache\nan\2.3.5\package\package.json not in flight; writing
132 verbose correctMkdir C:\Users\aayus\AppData\Roaming\npm-cache correctMkdir not in flight; initializing
133 verbose afterAdd C:\Users\aayus\AppData\Roaming\npm-cache\nan\2.3.5\package\package.json written
134 silly loadAllDepsIntoIdealTree Finishing
135 silly loadIdealTree Finishing
136 silly currentTree myapp@0.0.1
136 silly currentTree +-- accepts@1.3.3
136 silly currentTree +-- acorn@4.0.13
136 silly currentTree +-- addressparser@0.3.2
136 silly currentTree +-- after@0.8.2
136 silly currentTree +-- ajv@4.11.8
136 silly currentTree +-- amdefine@1.0.1
136 silly currentTree +-- array-flatten@1.1.1
136 silly currentTree +-- arraybuffer.slice@0.0.6
136 silly currentTree +-- asn1@0.2.3
136 silly currentTree +-- assert-plus@0.2.0
136 silly currentTree +-- ast-types@0.9.6
136 silly currentTree +-- async@1.5.2
136 silly currentTree +-- asynckit@0.4.0
136 silly currentTree +-- aws-sign2@0.6.0
136 silly currentTree +-- aws4@1.6.0
136 silly currentTree +-- backo2@1.0.2
136 silly currentTree +-- balanced-match@1.0.0
136 silly currentTree +-- base62@1.2.0
136 silly currentTree +-- base64-arraybuffer@0.1.5
136 silly currentTree +-- base64id@1.0.0
136 silly currentTree +-- bcrypt-pbkdf@1.0.1
136 silly currentTree +-- better-assert@1.0.2
136 silly currentTree +-- big.js@3.1.3
136 silly currentTree +-- blob@0.0.4
136 silly currentTree +-- bluebird@2.11.0
136 silly currentTree +-- body-parser@1.17.2
136 silly currentTree | `-- debug@2.6.7
136 silly currentTree +-- boom@2.10.1
136 silly currentTree +-- brace-expansion@1.1.8
136 silly currentTree +-- bson@1.0.4
136 silly currentTree +-- buffer-shims@1.0.0
136 silly currentTree +-- buildmail@2.0.0
136 silly currentTree | `-- needle@0.10.0
136 silly currentTree +-- bytes@2.4.0
136 silly currentTree +-- callsite@1.0.0
136 silly currentTree +-- caseless@0.12.0
136 silly currentTree +-- check-types@1.3.2
136 silly currentTree +-- clone@1.0.2
136 silly currentTree +-- co@4.6.0
136 silly currentTree +-- combined-stream@1.0.5
136 silly currentTree +-- commander@2.10.0
136 silly currentTree +-- commoner@0.10.8
136 silly currentTree +-- component-bind@1.0.0
136 silly currentTree +-- component-emitter@1.1.2
136 silly currentTree +-- component-inherit@0.0.3
136 silly currentTree +-- concat-map@0.0.1
136 silly currentTree +-- connect-redis@2.5.1
136 silly currentTree | +-- debug@1.0.5
136 silly currentTree | `-- redis@0.12.1
136 silly currentTree +-- consolidate@0.13.1
136 silly currentTree +-- content-disposition@0.5.2
136 silly currentTree +-- content-type@1.0.2
136 silly currentTree +-- cookie-parser@1.4.3
136 silly currentTree +-- cookie-signature@1.0.6
136 silly currentTree +-- cookie@0.3.1
136 silly currentTree +-- core-util-is@1.0.2
136 silly currentTree +-- crc@3.4.4
136 silly currentTree +-- cryptiles@2.0.5
136 silly currentTree +-- dashdash@1.14.1
136 silly currentTree | `-- assert-plus@1.0.0
136 silly currentTree +-- debug@2.6.8
136 silly currentTree +-- defined@1.0.0
136 silly currentTree +-- delayed-stream@1.0.0
136 silly currentTree +-- depd@1.1.0
136 silly currentTree +-- destroy@1.0.4
136 silly currentTree +-- detective@4.5.0
136 silly currentTree +-- double-ended-queue@2.1.0-0
136 silly currentTree +-- ecc-jsbn@0.1.1
136 silly currentTree +-- ee-first@1.1.1
136 silly currentTree +-- emojis-list@2.1.0
136 silly currentTree +-- encodeurl@1.0.1
136 silly currentTree +-- engine.io-client@1.8.4
136 silly currentTree | +-- component-emitter@1.2.1
136 silly currentTree | +-- debug@2.3.3
136 silly currentTree | +-- ms@0.7.2
136 silly currentTree | `-- ws@1.1.2
136 silly currentTree +-- engine.io-parser@1.3.2
136 silly currentTree +-- engine.io@1.8.4
136 silly currentTree | +-- debug@2.3.3
136 silly currentTree | `-- ms@0.7.2
136 silly currentTree +-- envify@3.4.1
136 silly currentTree +-- es6-promise@3.2.1
136 silly currentTree +-- escape-html@1.0.3
136 silly currentTree +-- esprima-fb@15001.1.0-dev-harmony-fb
136 silly currentTree +-- etag@1.8.0
136 silly currentTree +-- express-session@1.15.3
136 silly currentTree | `-- debug@2.6.7
136 silly currentTree +-- express@4.15.3
136 silly currentTree | `-- debug@2.6.7
136 silly currentTree +-- extend@3.0.1
136 silly currentTree +-- extsprintf@1.0.2
136 silly currentTree +-- finalhandler@1.0.3
136 silly currentTree | `-- debug@2.6.7
136 silly currentTree +-- forever-agent@0.6.1
136 silly currentTree +-- form-data@2.1.4
136 silly currentTree +-- forwarded@0.1.0
136 silly currentTree +-- fresh@0.5.0
136 silly currentTree +-- getpass@0.1.7
136 silly currentTree | `-- assert-plus@1.0.0
136 silly currentTree +-- glob@5.0.15
136 silly currentTree +-- googlemaps@1.12.0
136 silly currentTree | `-- qs@4.0.0
136 silly currentTree +-- graceful-fs@4.1.11
136 silly currentTree +-- graceful-readlink@1.0.1
136 silly currentTree +-- har-schema@1.0.5
136 silly currentTree +-- har-validator@4.2.1
136 silly currentTree +-- has-binary@0.1.7
136 silly currentTree | `-- isarray@0.0.1
136 silly currentTree +-- has-cors@1.1.0
136 silly currentTree +-- hawk@3.1.3
136 silly currentTree +-- hoek@2.16.3
136 silly currentTree +-- http-errors@1.6.1
136 silly currentTree +-- http-signature@1.1.1
136 silly currentTree +-- iconv-lite@0.4.15
136 silly currentTree +-- indexof@0.0.1
136 silly currentTree +-- inflight@1.0.6
136 silly currentTree +-- inherits@2.0.3
136 silly currentTree +-- ipaddr.js@1.3.0
136 silly currentTree +-- is-typedarray@1.0.0
136 silly currentTree +-- isarray@1.0.0
136 silly currentTree +-- isstream@0.1.2
136 silly currentTree +-- jsbn@0.1.1
136 silly currentTree +-- json-schema@0.2.3
136 silly currentTree +-- json-stable-stringify@1.0.1
136 silly currentTree +-- json-stringify-safe@5.0.1
136 silly currentTree +-- json3@3.3.2
136 silly currentTree +-- json5@0.5.1
136 silly currentTree +-- jsonify@0.0.0
136 silly currentTree +-- jsprim@1.4.0
136 silly currentTree | `-- assert-plus@1.0.0
136 silly currentTree +-- jstransform@11.0.3
136 silly currentTree +-- jsx-loader@0.13.2
136 silly currentTree +-- libbase64@0.1.0
136 silly currentTree +-- libmime@1.2.0
136 silly currentTree +-- libqp@1.1.0
136 silly currentTree +-- loader-utils@0.2.17
136 silly currentTree | `-- object-assign@4.1.1
136 silly currentTree +-- mailcomposer@2.1.0
136 silly currentTree +-- media-typer@0.3.0
136 silly currentTree +-- merge-descriptors@1.0.1
136 silly currentTree +-- methods@1.1.2
136 silly currentTree +-- mime-db@1.27.0
136 silly currentTree +-- mime-types@2.1.15
136 silly currentTree +-- mime@1.3.4
136 silly currentTree +-- minimatch@3.0.4
136 silly currentTree +-- minimist@0.0.8
136 silly currentTree +-- mkdirp@0.5.1
136 silly currentTree +-- mongodb-core@2.1.13
136 silly currentTree +-- mongodb@2.2.29
136 silly currentTree +-- ms@2.0.0
136 silly currentTree +-- needle@0.11.0
136 silly currentTree +-- negotiator@0.6.1
136 silly currentTree +-- nodemailer-direct-transport@1.1.0
136 silly currentTree +-- nodemailer-smtp-transport@1.1.0
136 silly currentTree +-- nodemailer-wellknown@0.1.10
136 silly currentTree +-- nodemailer@1.11.0
136 silly currentTree +-- oauth-sign@0.8.2
136 silly currentTree +-- object-assign@2.1.1
136 silly currentTree +-- object-component@0.0.3
136 silly currentTree +-- on-finished@2.3.0
136 silly currentTree +-- on-headers@1.0.1
136 silly currentTree +-- once@1.4.0
136 silly currentTree +-- options@0.0.6
136 silly currentTree +-- parsejson@0.0.3
136 silly currentTree +-- parseqs@0.0.5
136 silly currentTree +-- parseuri@0.0.5
136 silly currentTree +-- parseurl@1.3.1
136 silly currentTree +-- path-is-absolute@1.0.1
136 silly currentTree +-- path-to-regexp@0.1.7
136 silly currentTree +-- performance-now@0.2.0
136 silly currentTree +-- private@0.1.7
136 silly currentTree +-- process-nextick-args@1.0.7
136 silly currentTree +-- proxy-addr@1.1.4
136 silly currentTree +-- punycode@1.4.1
136 silly currentTree +-- q@1.5.0
136 silly currentTree +-- qs@6.4.0
136 silly currentTree +-- random-bytes@1.0.0
136 silly currentTree +-- range-parser@1.2.0
136 silly currentTree +-- raw-body@2.2.0
136 silly currentTree +-- react@0.13.3
136 silly currentTree +-- readable-stream@2.2.7
136 silly currentTree +-- recast@0.11.23
136 silly currentTree | +-- esprima@3.1.3
136 silly currentTree | `-- source-map@0.5.6
136 silly currentTree +-- redis-commands@1.3.1
136 silly currentTree +-- redis-parser@2.6.0
136 silly currentTree +-- redis@2.7.1
136 silly currentTree +-- request@2.81.0
136 silly currentTree +-- require_optional@1.0.1
136 silly currentTree +-- resolve-from@2.0.0
136 silly currentTree +-- safe-buffer@5.1.1
136 silly currentTree +-- semver@5.3.0
136 silly currentTree +-- send@0.15.3
136 silly currentTree | `-- debug@2.6.7
136 silly currentTree +-- serve-favicon@2.4.3
136 silly currentTree | `-- safe-buffer@5.0.1
136 silly currentTree +-- serve-static@1.12.3
136 silly currentTree +-- setprototypeof@1.0.3
136 silly currentTree +-- smtp-connection@1.3.8
136 silly currentTree +-- sntp@1.0.9
136 silly currentTree +-- socket.io-adapter@0.5.0
136 silly currentTree | +-- debug@2.3.3
136 silly currentTree | `-- ms@0.7.2
136 silly currentTree +-- socket.io-client@1.7.4
136 silly currentTree | +-- component-emitter@1.2.1
136 silly currentTree | +-- debug@2.3.3
136 silly currentTree | `-- ms@0.7.2
136 silly currentTree +-- socket.io-parser@2.3.1
136 silly currentTree | +-- debug@2.2.0
136 silly currentTree | +-- isarray@0.0.1
136 silly currentTree | `-- ms@0.7.1
136 silly currentTree +-- socket.io@1.7.4
136 silly currentTree | +-- debug@2.3.3
136 silly currentTree | +-- ms@0.7.2
136 silly currentTree | `-- object-assign@4.1.0
136 silly currentTree +-- source-map@0.4.4
136 silly currentTree +-- sshpk@1.13.1
136 silly currentTree | `-- assert-plus@1.0.0
136 silly currentTree +-- statuses@1.3.1
136 silly currentTree +-- string_decoder@1.0.3
136 silly currentTree +-- stringstream@0.0.5
136 silly currentTree +-- through@2.3.8
136 silly currentTree +-- to-array@0.1.4
136 silly currentTree +-- tough-cookie@2.3.2
136 silly currentTree +-- tunnel-agent@0.6.0
136 silly currentTree +-- tweetnacl@0.14.5
136 silly currentTree +-- type-is@1.6.15
136 silly currentTree +-- uid-safe@2.1.4
136 silly currentTree +-- ultron@1.0.2
136 silly currentTree +-- underscore@1.8.3
136 silly currentTree +-- unpipe@1.0.0
136 silly currentTree +-- util-deprecate@1.0.2
136 silly currentTree +-- utils-merge@1.0.0
136 silly currentTree +-- uuid@3.1.0
136 silly currentTree +-- vary@1.1.1
136 silly currentTree +-- verror@1.3.6
136 silly currentTree +-- waitress@0.1.5
136 silly currentTree +-- wrappy@1.0.2
136 silly currentTree +-- ws@1.1.4
136 silly currentTree +-- wtf-8@1.0.0
136 silly currentTree +-- xmlhttprequest-ssl@1.5.3
136 silly currentTree `-- yeast@0.1.2
137 silly idealTree myapp@0.0.1
137 silly idealTree +-- accepts@1.3.3
137 silly idealTree +-- acorn@4.0.13
137 silly idealTree +-- addressparser@0.3.2
137 silly idealTree +-- after@0.8.2
137 silly idealTree +-- ajv@4.11.8
137 silly idealTree +-- amdefine@1.0.1
137 silly idealTree +-- array-flatten@1.1.1
137 silly idealTree +-- arraybuffer.slice@0.0.6
137 silly idealTree +-- asn1@0.2.3
137 silly idealTree +-- assert-plus@0.2.0
137 silly idealTree +-- ast-types@0.9.6
137 silly idealTree +-- async@1.5.2
137 silly idealTree +-- asynckit@0.4.0
137 silly idealTree +-- aws-sign2@0.6.0
137 silly idealTree +-- aws4@1.6.0
137 silly idealTree +-- backo2@1.0.2
137 silly idealTree +-- balanced-match@1.0.0
137 silly idealTree +-- base62@1.2.0
137 silly idealTree +-- base64-arraybuffer@0.1.5
137 silly idealTree +-- base64id@1.0.0
137 silly idealTree +-- bcrypt-pbkdf@1.0.1
137 silly idealTree +-- bcrypt@0.8.7
137 silly idealTree +-- better-assert@1.0.2
137 silly idealTree +-- big.js@3.1.3
137 silly idealTree +-- bindings@1.2.1
137 silly idealTree +-- blob@0.0.4
137 silly idealTree +-- bluebird@2.11.0
137 silly idealTree +-- body-parser@1.17.2
137 silly idealTree | `-- debug@2.6.7
137 silly idealTree +-- boom@2.10.1
137 silly idealTree +-- brace-expansion@1.1.8
137 silly idealTree +-- bson@1.0.4
137 silly idealTree +-- buffer-shims@1.0.0
137 silly idealTree +-- buildmail@2.0.0
137 silly idealTree | `-- needle@0.10.0
137 silly idealTree +-- bytes@2.4.0
137 silly idealTree +-- callsite@1.0.0
137 silly idealTree +-- caseless@0.12.0
137 silly idealTree +-- check-types@1.3.2
137 silly idealTree +-- clone@1.0.2
137 silly idealTree +-- co@4.6.0
137 silly idealTree +-- combined-stream@1.0.5
137 silly idealTree +-- commander@2.10.0
137 silly idealTree +-- commoner@0.10.8
137 silly idealTree +-- component-bind@1.0.0
137 silly idealTree +-- component-emitter@1.1.2
137 silly idealTree +-- component-inherit@0.0.3
137 silly idealTree +-- concat-map@0.0.1
137 silly idealTree +-- connect-redis@2.5.1
137 silly idealTree | +-- debug@1.0.5
137 silly idealTree | `-- redis@0.12.1
137 silly idealTree +-- consolidate@0.13.1
137 silly idealTree +-- content-disposition@0.5.2
137 silly idealTree +-- content-type@1.0.2
137 silly idealTree +-- cookie-parser@1.4.3
137 silly idealTree +-- cookie-signature@1.0.6
137 silly idealTree +-- cookie@0.3.1
137 silly idealTree +-- core-util-is@1.0.2
137 silly idealTree +-- crc@3.4.4
137 silly idealTree +-- cryptiles@2.0.5
137 silly idealTree +-- dashdash@1.14.1
137 silly idealTree | `-- assert-plus@1.0.0
137 silly idealTree +-- debug@2.6.8
137 silly idealTree +-- defined@1.0.0
137 silly idealTree +-- delayed-stream@1.0.0
137 silly idealTree +-- depd@1.1.0
137 silly idealTree +-- destroy@1.0.4
137 silly idealTree +-- detective@4.5.0
137 silly idealTree +-- double-ended-queue@2.1.0-0
137 silly idealTree +-- ecc-jsbn@0.1.1
137 silly idealTree +-- ee-first@1.1.1
137 silly idealTree +-- emojis-list@2.1.0
137 silly idealTree +-- encodeurl@1.0.1
137 silly idealTree +-- engine.io-client@1.8.4
137 silly idealTree | +-- component-emitter@1.2.1
137 silly idealTree | +-- debug@2.3.3
137 silly idealTree | +-- ms@0.7.2
137 silly idealTree | `-- ws@1.1.2
137 silly idealTree +-- engine.io-parser@1.3.2
137 silly idealTree +-- engine.io@1.8.4
137 silly idealTree | +-- debug@2.3.3
137 silly idealTree | `-- ms@0.7.2
137 silly idealTree +-- envify@3.4.1
137 silly idealTree +-- es6-promise@3.2.1
137 silly idealTree +-- escape-html@1.0.3
137 silly idealTree +-- esprima-fb@15001.1.0-dev-harmony-fb
137 silly idealTree +-- etag@1.8.0
137 silly idealTree +-- express-session@1.15.3
137 silly idealTree | `-- debug@2.6.7
137 silly idealTree +-- express@4.15.3
137 silly idealTree | `-- debug@2.6.7
137 silly idealTree +-- extend@3.0.1
137 silly idealTree +-- extsprintf@1.0.2
137 silly idealTree +-- finalhandler@1.0.3
137 silly idealTree | `-- debug@2.6.7
137 silly idealTree +-- forever-agent@0.6.1
137 silly idealTree +-- form-data@2.1.4
137 silly idealTree +-- forwarded@0.1.0
137 silly idealTree +-- fresh@0.5.0
137 silly idealTree +-- getpass@0.1.7
137 silly idealTree | `-- assert-plus@1.0.0
137 silly idealTree +-- glob@5.0.15
137 silly idealTree +-- googlemaps@1.12.0
137 silly idealTree | `-- qs@4.0.0
137 silly idealTree +-- graceful-fs@4.1.11
137 silly idealTree +-- graceful-readlink@1.0.1
137 silly idealTree +-- har-schema@1.0.5
137 silly idealTree +-- har-validator@4.2.1
137 silly idealTree +-- has-binary@0.1.7
137 silly idealTree | `-- isarray@0.0.1
137 silly idealTree +-- has-cors@1.1.0
137 silly idealTree +-- hawk@3.1.3
137 silly idealTree +-- hoek@2.16.3
137 silly idealTree +-- http-errors@1.6.1
137 silly idealTree +-- http-signature@1.1.1
137 silly idealTree +-- iconv-lite@0.4.15
137 silly idealTree +-- indexof@0.0.1
137 silly idealTree +-- inflight@1.0.6
137 silly idealTree +-- inherits@2.0.3
137 silly idealTree +-- ipaddr.js@1.3.0
137 silly idealTree +-- is-typedarray@1.0.0
137 silly idealTree +-- isarray@1.0.0
137 silly idealTree +-- isstream@0.1.2
137 silly idealTree +-- jsbn@0.1.1
137 silly idealTree +-- json-schema@0.2.3
137 silly idealTree +-- json-stable-stringify@1.0.1
137 silly idealTree +-- json-stringify-safe@5.0.1
137 silly idealTree +-- json3@3.3.2
137 silly idealTree +-- json5@0.5.1
137 silly idealTree +-- jsonify@0.0.0
137 silly idealTree +-- jsprim@1.4.0
137 silly idealTree | `-- assert-plus@1.0.0
137 silly idealTree +-- jstransform@11.0.3
137 silly idealTree +-- jsx-loader@0.13.2
137 silly idealTree +-- libbase64@0.1.0
137 silly idealTree +-- libmime@1.2.0
137 silly idealTree +-- libqp@1.1.0
137 silly idealTree +-- loader-utils@0.2.17
137 silly idealTree | `-- object-assign@4.1.1
137 silly idealTree +-- mailcomposer@2.1.0
137 silly idealTree +-- media-typer@0.3.0
137 silly idealTree +-- merge-descriptors@1.0.1
137 silly idealTree +-- methods@1.1.2
137 silly idealTree +-- mime-db@1.27.0
137 silly idealTree +-- mime-types@2.1.15
137 silly idealTree +-- mime@1.3.4
137 silly idealTree +-- minimatch@3.0.4
137 silly idealTree +-- minimist@0.0.8
137 silly idealTree +-- mkdirp@0.5.1
137 silly idealTree +-- mongodb-core@2.1.13
137 silly idealTree +-- mongodb@2.2.29
137 silly idealTree +-- ms@2.0.0
137 silly idealTree +-- nan@2.3.5
137 silly idealTree +-- needle@0.11.0
137 silly idealTree +-- negotiator@0.6.1
137 silly idealTree +-- nodemailer-direct-transport@1.1.0
137 silly idealTree +-- nodemailer-smtp-transport@1.1.0
137 silly idealTree +-- nodemailer-wellknown@0.1.10
137 silly idealTree +-- nodemailer@1.11.0
137 silly idealTree +-- oauth-sign@0.8.2
137 silly idealTree +-- object-assign@2.1.1
137 silly idealTree +-- object-component@0.0.3
137 silly idealTree +-- on-finished@2.3.0
137 silly idealTree +-- on-headers@1.0.1
137 silly idealTree +-- once@1.4.0
137 silly idealTree +-- options@0.0.6
137 silly idealTree +-- parsejson@0.0.3
137 silly idealTree +-- parseqs@0.0.5
137 silly idealTree +-- parseuri@0.0.5
137 silly idealTree +-- parseurl@1.3.1
137 silly idealTree +-- path-is-absolute@1.0.1
137 silly idealTree +-- path-to-regexp@0.1.7
137 silly idealTree +-- performance-now@0.2.0
137 silly idealTree +-- private@0.1.7
137 silly idealTree +-- process-nextick-args@1.0.7
137 silly idealTree +-- proxy-addr@1.1.4
137 silly idealTree +-- punycode@1.4.1
137 silly idealTree +-- q@1.5.0
137 silly idealTree +-- qs@6.4.0
137 silly idealTree +-- random-bytes@1.0.0
137 silly idealTree +-- range-parser@1.2.0
137 silly idealTree +-- raw-body@2.2.0
137 silly idealTree +-- react@0.13.3
137 silly idealTree +-- readable-stream@2.2.7
137 silly idealTree +-- recast@0.11.23
137 silly idealTree | +-- esprima@3.1.3
137 silly idealTree | `-- source-map@0.5.6
137 silly idealTree +-- redis-commands@1.3.1
137 silly idealTree +-- redis-parser@2.6.0
137 silly idealTree +-- redis@2.7.1
137 silly idealTree +-- request@2.81.0
137 silly idealTree +-- require_optional@1.0.1
137 silly idealTree +-- resolve-from@2.0.0
137 silly idealTree +-- safe-buffer@5.1.1
137 silly idealTree +-- semver@5.3.0
137 silly idealTree +-- send@0.15.3
137 silly idealTree | `-- debug@2.6.7
137 silly idealTree +-- serve-favicon@2.4.3
137 silly idealTree | `-- safe-buffer@5.0.1
137 silly idealTree +-- serve-static@1.12.3
137 silly idealTree +-- setprototypeof@1.0.3
137 silly idealTree +-- smtp-connection@1.3.8
137 silly idealTree +-- sntp@1.0.9
137 silly idealTree +-- socket.io-adapter@0.5.0
137 silly idealTree | +-- debug@2.3.3
137 silly idealTree | `-- ms@0.7.2
137 silly idealTree +-- socket.io-client@1.7.4
137 silly idealTree | +-- component-emitter@1.2.1
137 silly idealTree | +-- debug@2.3.3
137 silly idealTree | `-- ms@0.7.2
137 silly idealTree +-- socket.io-parser@2.3.1
137 silly idealTree | +-- debug@2.2.0
137 silly idealTree | +-- isarray@0.0.1
137 silly idealTree | `-- ms@0.7.1
137 silly idealTree +-- socket.io@1.7.4
137 silly idealTree | +-- debug@2.3.3
137 silly idealTree | +-- ms@0.7.2
137 silly idealTree | `-- object-assign@4.1.0
137 silly idealTree +-- source-map@0.4.4
137 silly idealTree +-- sshpk@1.13.1
137 silly idealTree | `-- assert-plus@1.0.0
137 silly idealTree +-- statuses@1.3.1
137 silly idealTree +-- string_decoder@1.0.3
137 silly idealTree +-- stringstream@0.0.5
137 silly idealTree +-- through@2.3.8
137 silly idealTree +-- to-array@0.1.4
137 silly idealTree +-- tough-cookie@2.3.2
137 silly idealTree +-- tunnel-agent@0.6.0
137 silly idealTree +-- tweetnacl@0.14.5
137 silly idealTree +-- type-is@1.6.15
137 silly idealTree +-- uid-safe@2.1.4
137 silly idealTree +-- ultron@1.0.2
137 silly idealTree +-- underscore@1.8.3
137 silly idealTree +-- unpipe@1.0.0
137 silly idealTree +-- util-deprecate@1.0.2
137 silly idealTree +-- utils-merge@1.0.0
137 silly idealTree +-- uuid@3.1.0
137 silly idealTree +-- vary@1.1.1
137 silly idealTree +-- verror@1.3.6
137 silly idealTree +-- waitress@0.1.5
137 silly idealTree +-- wrappy@1.0.2
137 silly idealTree +-- ws@1.1.4
137 silly idealTree +-- wtf-8@1.0.0
137 silly idealTree +-- xmlhttprequest-ssl@1.5.3
137 silly idealTree `-- yeast@0.1.2
138 silly generateActionsToTake Starting
139 silly install generateActionsToTake
140 silly generateActionsToTake Finishing
141 silly diffTrees action count 3
142 silly diffTrees add bindings@1.2.1
143 silly diffTrees add nan@2.3.5
144 silly diffTrees add bcrypt@0.8.7
145 silly decomposeActions action count 24
146 silly decomposeActions fetch bindings@1.2.1
147 silly decomposeActions extract bindings@1.2.1
148 silly decomposeActions test bindings@1.2.1
149 silly decomposeActions preinstall bindings@1.2.1
150 silly decomposeActions build bindings@1.2.1
151 silly decomposeActions install bindings@1.2.1
152 silly decomposeActions postinstall bindings@1.2.1
153 silly decomposeActions finalize bindings@1.2.1
154 silly decomposeActions fetch nan@2.3.5
155 silly decomposeActions extract nan@2.3.5
156 silly decomposeActions test nan@2.3.5
157 silly decomposeActions preinstall nan@2.3.5
158 silly decomposeActions build nan@2.3.5
159 silly decomposeActions install nan@2.3.5
160 silly decomposeActions postinstall nan@2.3.5
161 silly decomposeActions finalize nan@2.3.5
162 silly decomposeActions fetch bcrypt@0.8.7
163 silly decomposeActions extract bcrypt@0.8.7
164 silly decomposeActions test bcrypt@0.8.7
165 silly decomposeActions preinstall bcrypt@0.8.7
166 silly decomposeActions build bcrypt@0.8.7
167 silly decomposeActions install bcrypt@0.8.7
168 silly decomposeActions postinstall bcrypt@0.8.7
169 silly decomposeActions finalize bcrypt@0.8.7
170 silly runTopLevelLifecycles Starting
171 silly install runPreinstallTopLevelLifecycles
172 silly preinstall myapp@0.0.1
173 info lifecycle myapp@0.0.1~preinstall: myapp@0.0.1
174 silly lifecycle myapp@0.0.1~preinstall: no script for preinstall, continuing
175 silly executeActions Starting
176 silly install executeActions
177 silly doSerial global-install 0
178 silly doParallel fetch 3
179 verbose correctMkdir C:\Users\aayus\AppData\Roaming\npm-cache\_locks correctMkdir not in flight; initializing
180 verbose lock using C:\Users\aayus\AppData\Roaming\npm-cache\_locks\staging-589d115bced0d7e1.lock for C:\Users\aayus\Desktop\uber-for-x\node_modules\.staging
181 silly doParallel extract 3
182 silly extract bindings@1.2.1
183 silly extract nan@2.3.5
184 silly extract bcrypt@0.8.7
185 verbose unbuild node_modules\.staging\bindings-22f8773b
186 verbose unbuild node_modules\.staging\nan-69628721
187 verbose unbuild node_modules\.staging\bcrypt-79440f3d
188 silly gentlyRm C:\Users\aayus\Desktop\uber-for-x\node_modules\.staging\bindings-22f8773b is being purged from base C:\Users\aayus\Desktop\uber-for-x
189 verbose gentlyRm don't care about contents; nuking C:\Users\aayus\Desktop\uber-for-x\node_modules\.staging\bindings-22f8773b
190 silly gentlyRm C:\Users\aayus\Desktop\uber-for-x\node_modules\.staging\nan-69628721 is being purged from base C:\Users\aayus\Desktop\uber-for-x
191 verbose gentlyRm don't care about contents; nuking C:\Users\aayus\Desktop\uber-for-x\node_modules\.staging\nan-69628721
192 verbose tar unpack C:\Users\aayus\AppData\Roaming\npm-cache\bindings\1.2.1\package.tgz
193 verbose tar unpacking to C:\Users\aayus\Desktop\uber-for-x\node_modules\.staging\bindings-22f8773b
194 silly gentlyRm C:\Users\aayus\Desktop\uber-for-x\node_modules\.staging\bindings-22f8773b is being purged
195 verbose gentlyRm don't care about contents; nuking C:\Users\aayus\Desktop\uber-for-x\node_modules\.staging\bindings-22f8773b
196 silly gentlyRm C:\Users\aayus\Desktop\uber-for-x\node_modules\.staging\bcrypt-79440f3d is being purged from base C:\Users\aayus\Desktop\uber-for-x
197 verbose gentlyRm don't care about contents; nuking C:\Users\aayus\Desktop\uber-for-x\node_modules\.staging\bcrypt-79440f3d
198 verbose tar unpack C:\Users\aayus\AppData\Roaming\npm-cache\nan\2.3.5\package.tgz
199 verbose tar unpacking to C:\Users\aayus\Desktop\uber-for-x\node_modules\.staging\nan-69628721
200 silly gentlyRm C:\Users\aayus\Desktop\uber-for-x\node_modules\.staging\nan-69628721 is being purged
201 verbose gentlyRm don't care about contents; nuking C:\Users\aayus\Desktop\uber-for-x\node_modules\.staging\nan-69628721
202 silly gunzTarPerm modes [ '777', '666' ]
203 verbose tar unpack C:\Users\aayus\AppData\Roaming\npm-cache\bcrypt\0.8.7\package.tgz
204 verbose tar unpacking to C:\Users\aayus\Desktop\uber-for-x\node_modules\.staging\bcrypt-79440f3d
205 silly gentlyRm C:\Users\aayus\Desktop\uber-for-x\node_modules\.staging\bcrypt-79440f3d is being purged
206 verbose gentlyRm don't care about contents; nuking C:\Users\aayus\Desktop\uber-for-x\node_modules\.staging\bcrypt-79440f3d
207 silly gunzTarPerm modes [ '777', '666' ]
208 silly gunzTarPerm modes [ '777', '666' ]
209 silly gunzTarPerm extractEntry package.json
210 silly gunzTarPerm modified mode [ 'package.json', 420, 438 ]
211 silly gunzTarPerm extractEntry package.json
212 silly gunzTarPerm modified mode [ 'package.json', 436, 438 ]
213 silly gunzTarPerm extractEntry package.json
214 silly gunzTarPerm modified mode [ 'package.json', 420, 438 ]
215 silly gunzTarPerm extractEntry README.md
216 silly gunzTarPerm modified mode [ 'README.md', 436, 438 ]
217 silly gunzTarPerm extractEntry README.md
218 silly gunzTarPerm modified mode [ 'README.md', 420, 438 ]
219 silly gunzTarPerm extractEntry bindings.js
220 silly gunzTarPerm modified mode [ 'bindings.js', 420, 438 ]
221 silly gunzTarPerm extractEntry include_dirs.js
222 silly gunzTarPerm modified mode [ 'include_dirs.js', 436, 438 ]
223 silly gunzTarPerm extractEntry .npmignore
224 silly gunzTarPerm modified mode [ '.npmignore', 420, 438 ]
225 silly gunzTarPerm extractEntry README.md
226 silly gunzTarPerm modified mode [ 'README.md', 420, 438 ]
227 silly gunzTarPerm extractEntry LICENSE
228 silly gunzTarPerm modified mode [ 'LICENSE', 420, 438 ]
229 silly gunzTarPerm extractEntry bcrypt.js
230 silly gunzTarPerm modified mode [ 'bcrypt.js', 420, 438 ]
231 silly gunzTarPerm extractEntry Makefile
232 silly gunzTarPerm modified mode [ 'Makefile', 420, 438 ]
233 silly gunzTarPerm extractEntry .travis.yml
234 silly gunzTarPerm modified mode [ '.travis.yml', 420, 438 ]
235 silly gunzTarPerm extractEntry CHANGELOG.md
236 silly gunzTarPerm modified mode [ 'CHANGELOG.md', 420, 438 ]
237 silly gunzTarPerm extractEntry binding.gyp
238 silly gunzTarPerm modified mode [ 'binding.gyp', 420, 438 ]
239 silly gunzTarPerm extractEntry examples/async_compare.js
240 silly gunzTarPerm modified mode [ 'examples/async_compare.js', 420, 438 ]
241 silly gunzTarPerm extractEntry examples/forever_gen_salt.js
242 silly gunzTarPerm modified mode [ 'examples/forever_gen_salt.js', 420, 438 ]
243 silly gunzTarPerm extractEntry test/async.js
244 silly gunzTarPerm modified mode [ 'test/async.js', 420, 438 ]
245 silly gunzTarPerm extractEntry test/repetitions.js
246 silly gunzTarPerm modified mode [ 'test/repetitions.js', 420, 438 ]
247 silly gunzTarPerm extractEntry test/sync.js
248 silly gunzTarPerm modified mode [ 'test/sync.js', 420, 438 ]
249 silly gunzTarPerm extractEntry ISSUE_TEMPLATE.md
250 silly gunzTarPerm modified mode [ 'ISSUE_TEMPLATE.md', 420, 438 ]
251 silly gunzTarPerm extractEntry src/bcrypt.cc
252 silly gunzTarPerm modified mode [ 'src/bcrypt.cc', 420, 438 ]
253 silly gunzTarPerm extractEntry src/bcrypt_node.cc
254 silly gunzTarPerm modified mode [ 'src/bcrypt_node.cc', 420, 438 ]
255 silly gunzTarPerm extractEntry src/blowfish.cc
256 silly gunzTarPerm modified mode [ 'src/blowfish.cc', 420, 438 ]
257 silly gunzTarPerm extractEntry src/node_blf.h
258 silly gunzTarPerm modified mode [ 'src/node_blf.h', 420, 438 ]
259 silly gunzTarPerm extractEntry werker.yml
260 silly gunzTarPerm modified mode [ 'werker.yml', 420, 438 ]
261 silly gunzTarPerm extractEntry nan_converters.h
262 silly gunzTarPerm modified mode [ 'nan_converters.h', 436, 438 ]
263 silly gunzTarPerm extractEntry LICENSE.md
264 silly gunzTarPerm modified mode [ 'LICENSE.md', 436, 438 ]
265 silly gunzTarPerm extractEntry doc/node_misc.md
266 silly gunzTarPerm modified mode [ 'doc/node_misc.md', 436, 438 ]
267 silly gunzTarPerm extractEntry doc/asyncworker.md
268 silly gunzTarPerm modified mode [ 'doc/asyncworker.md', 436, 438 ]
269 silly gunzTarPerm extractEntry doc/callback.md
270 silly gunzTarPerm modified mode [ 'doc/callback.md', 436, 438 ]
271 silly gunzTarPerm extractEntry doc/converters.md
272 silly gunzTarPerm modified mode [ 'doc/converters.md', 436, 438 ]
273 silly gunzTarPerm extractEntry doc/errors.md
274 silly gunzTarPerm modified mode [ 'doc/errors.md', 436, 438 ]
275 silly gunzTarPerm extractEntry doc/maybe_types.md
276 silly gunzTarPerm modified mode [ 'doc/maybe_types.md', 436, 438 ]
277 silly gunzTarPerm extractEntry doc/methods.md
278 silly gunzTarPerm modified mode [ 'doc/methods.md', 436, 438 ]
279 silly gunzTarPerm extractEntry doc/new.md
280 silly gunzTarPerm modified mode [ 'doc/new.md', 436, 438 ]
281 silly gunzTarPerm extractEntry doc/buffers.md
282 silly gunzTarPerm modified mode [ 'doc/buffers.md', 436, 438 ]
283 silly gunzTarPerm extractEntry doc/object_wrappers.md
284 silly gunzTarPerm modified mode [ 'doc/object_wrappers.md', 436, 438 ]
285 silly gunzTarPerm extractEntry doc/persistent.md
286 silly gunzTarPerm modified mode [ 'doc/persistent.md', 436, 438 ]
287 silly gunzTarPerm extractEntry doc/scopes.md
288 silly gunzTarPerm modified mode [ 'doc/scopes.md', 436, 438 ]
289 silly gentlyRm C:\Users\aayus\Desktop\uber-for-x\node_modules\.staging\bindings-22f8773b\node_modules is being purged
290 verbose gentlyRm don't care about contents; nuking C:\Users\aayus\Desktop\uber-for-x\node_modules\.staging\bindings-22f8773b\node_modules
291 silly gunzTarPerm extractEntry doc/script.md
292 silly gunzTarPerm modified mode [ 'doc/script.md', 436, 438 ]
293 silly gunzTarPerm extractEntry doc/string_bytes.md
294 silly gunzTarPerm modified mode [ 'doc/string_bytes.md', 436, 438 ]
295 silly gunzTarPerm extractEntry doc/v8_internals.md
296 silly gunzTarPerm modified mode [ 'doc/v8_internals.md', 436, 438 ]
297 silly gunzTarPerm extractEntry doc/v8_misc.md
298 silly gunzTarPerm modified mode [ 'doc/v8_misc.md', 436, 438 ]
299 silly gunzTarPerm extractEntry nan.h
300 silly gunzTarPerm modified mode [ 'nan.h', 436, 438 ]
301 silly gunzTarPerm extractEntry nan_callbacks.h
302 silly gunzTarPerm modified mode [ 'nan_callbacks.h', 436, 438 ]
303 silly gunzTarPerm extractEntry nan_callbacks_12_inl.h
304 silly gunzTarPerm modified mode [ 'nan_callbacks_12_inl.h', 436, 438 ]
305 silly gunzTarPerm extractEntry nan_callbacks_pre_12_inl.h
306 silly gunzTarPerm modified mode [ 'nan_callbacks_pre_12_inl.h', 436, 438 ]
307 silly gunzTarPerm extractEntry nan_converters_43_inl.h
308 silly gunzTarPerm modified mode [ 'nan_converters_43_inl.h', 436, 438 ]
309 silly gunzTarPerm extractEntry nan_converters_pre_43_inl.h
310 silly gunzTarPerm modified mode [ 'nan_converters_pre_43_inl.h', 436, 438 ]
311 silly gunzTarPerm extractEntry nan_implementation_12_inl.h
312 silly gunzTarPerm modified mode [ 'nan_implementation_12_inl.h', 436, 438 ]
313 silly gunzTarPerm extractEntry nan_implementation_pre_12_inl.h
314 silly gunzTarPerm modified mode [ 'nan_implementation_pre_12_inl.h', 436, 438 ]
315 silly gunzTarPerm extractEntry nan_maybe_43_inl.h
316 silly gunzTarPerm modified mode [ 'nan_maybe_43_inl.h', 436, 438 ]
317 silly gunzTarPerm extractEntry nan_maybe_pre_43_inl.h
318 silly gunzTarPerm modified mode [ 'nan_maybe_pre_43_inl.h', 436, 438 ]
319 silly gunzTarPerm extractEntry nan_new.h
320 silly gunzTarPerm modified mode [ 'nan_new.h', 436, 438 ]
321 silly gunzTarPerm extractEntry nan_object_wrap.h
322 silly gunzTarPerm modified mode [ 'nan_object_wrap.h', 436, 438 ]
323 silly gunzTarPerm extractEntry nan_persistent_12_inl.h
324 silly gunzTarPerm modified mode [ 'nan_persistent_12_inl.h', 436, 438 ]
325 silly gunzTarPerm extractEntry nan_persistent_pre_12_inl.h
326 silly gunzTarPerm modified mode [ 'nan_persistent_pre_12_inl.h', 436, 438 ]
327 silly gunzTarPerm extractEntry nan_string_bytes.h
328 silly gunzTarPerm modified mode [ 'nan_string_bytes.h', 436, 438 ]
329 silly gunzTarPerm extractEntry nan_typedarray_contents.h
330 silly gunzTarPerm modified mode [ 'nan_typedarray_contents.h', 436, 438 ]
331 silly gunzTarPerm extractEntry nan_weak.h
332 silly gunzTarPerm modified mode [ 'nan_weak.h', 436, 438 ]
333 silly gunzTarPerm extractEntry CHANGELOG.md
334 silly gunzTarPerm modified mode [ 'CHANGELOG.md', 436, 438 ]
335 silly gunzTarPerm extractEntry tools/package.json
336 silly gunzTarPerm modified mode [ 'tools/package.json', 436, 438 ]
337 silly gunzTarPerm extractEntry tools/README.md
338 silly gunzTarPerm modified mode [ 'tools/README.md', 436, 438 ]
339 silly gunzTarPerm extractEntry tools/1to2.js
340 silly gunzTarPerm modified mode [ 'tools/1to2.js', 509, 511 ]
341 silly gentlyRm C:\Users\aayus\Desktop\uber-for-x\node_modules\.staging\bcrypt-79440f3d\node_modules is being purged
342 verbose gentlyRm don't care about contents; nuking C:\Users\aayus\Desktop\uber-for-x\node_modules\.staging\bcrypt-79440f3d\node_modules
343 silly gentlyRm C:\Users\aayus\Desktop\uber-for-x\node_modules\.staging\nan-69628721\node_modules is being purged
344 verbose gentlyRm don't care about contents; nuking C:\Users\aayus\Desktop\uber-for-x\node_modules\.staging\nan-69628721\node_modules
345 silly doParallel preinstall 3
346 silly preinstall bindings@1.2.1
347 info lifecycle bindings@1.2.1~preinstall: bindings@1.2.1
348 silly preinstall nan@2.3.5
349 info lifecycle nan@2.3.5~preinstall: nan@2.3.5
350 silly preinstall bcrypt@0.8.7
351 info lifecycle bcrypt@0.8.7~preinstall: bcrypt@0.8.7
352 silly lifecycle nan@2.3.5~preinstall: no script for preinstall, continuing
353 silly lifecycle bindings@1.2.1~preinstall: no script for preinstall, continuing
354 silly lifecycle bcrypt@0.8.7~preinstall: no script for preinstall, continuing
355 silly doReverseSerial remove 0
356 silly doSerial move 0
357 silly doSerial finalize 3
358 silly finalize C:\Users\aayus\Desktop\uber-for-x\node_modules\bindings
359 silly finalize C:\Users\aayus\Desktop\uber-for-x\node_modules\nan
360 silly finalize C:\Users\aayus\Desktop\uber-for-x\node_modules\bcrypt
361 silly doSerial build 3
362 silly build bindings@1.2.1
363 info linkStuff bindings@1.2.1
364 silly linkStuff bindings@1.2.1 has C:\Users\aayus\Desktop\uber-for-x\node_modules as its parent node_modules
365 verbose linkBins bindings@1.2.1
366 verbose linkMans bindings@1.2.1
367 silly build nan@2.3.5
368 info linkStuff nan@2.3.5
369 silly linkStuff nan@2.3.5 has C:\Users\aayus\Desktop\uber-for-x\node_modules as its parent node_modules
370 verbose linkBins nan@2.3.5
371 verbose linkMans nan@2.3.5
372 silly build bcrypt@0.8.7
373 info linkStuff bcrypt@0.8.7
374 silly linkStuff bcrypt@0.8.7 has C:\Users\aayus\Desktop\uber-for-x\node_modules as its parent node_modules
375 verbose linkBins bcrypt@0.8.7
376 verbose linkMans bcrypt@0.8.7
377 silly doSerial global-link 0
378 silly doParallel update-linked 0
379 silly doSerial install 3
380 silly install bindings@1.2.1
381 info lifecycle bindings@1.2.1~install: bindings@1.2.1
382 silly lifecycle bindings@1.2.1~install: no script for install, continuing
383 silly install nan@2.3.5
384 info lifecycle nan@2.3.5~install: nan@2.3.5
385 silly lifecycle nan@2.3.5~install: no script for install, continuing
386 silly install bcrypt@0.8.7
387 info lifecycle bcrypt@0.8.7~install: bcrypt@0.8.7
388 verbose lifecycle bcrypt@0.8.7~install: unsafe-perm in lifecycle true
389 verbose lifecycle bcrypt@0.8.7~install: PATH: C:\Program Files\nodejs\node_modules\npm\bin\node-gyp-bin;C:\Users\aayus\Desktop\uber-for-x\node_modules\bcrypt\node_modules\.bin;C:\Users\aayus\Desktop\uber-for-x\node_modules\.bin;C:\ProgramData\Oracle\Java\javapath;C:\oraclexe\app\oracle\product\11.2.0\server\bin;C:\Program Files (x86)\Intel\iCLS Client\;C:\Program Files\Intel\iCLS Client\;C:\WINDOWS\system32;C:\WINDOWS;C:\WINDOWS\System32\Wbem;C:\WINDOWS\System32\WindowsPowerShell\v1.0\;C:\Program Files (x86)\Intel\Intel(R) Management Engine Components\DAL;C:\Program Files\Intel\Intel(R) Management Engine Components\DAL;C:\Program Files (x86)\Intel\Intel(R) Management Engine Components\IPT;C:\Program Files\Intel\Intel(R) Management Engine Components\IPT;C:\Program Files\Intel\WiFi\bin\;C:\Program Files\Common Files\Intel\WirelessCommon\;C:\Program Files\Java\jdk1.8.0_101\bin;C:\Program Files\nodejs\;C:\Program Files (x86)\Skype\Phone\;C:\Program Files\PuTTY\;C:\Users\aayus\AppData\Local\Microsoft\WindowsApps;C:\Users\aayus\AppData\Roaming\npm
390 verbose lifecycle bcrypt@0.8.7~install: CWD: C:\Users\aayus\Desktop\uber-for-x\node_modules\bcrypt
391 silly lifecycle bcrypt@0.8.7~install: Args: [ '/d /s /c', 'node-gyp rebuild' ]
392 silly lifecycle bcrypt@0.8.7~install: Returned: code: 1  signal: null
393 info lifecycle bcrypt@0.8.7~install: Failed to exec install script
394 verbose unlock done using C:\Users\aayus\AppData\Roaming\npm-cache\_locks\staging-589d115bced0d7e1.lock for C:\Users\aayus\Desktop\uber-for-x\node_modules\.staging
395 silly rollbackFailedOptional Starting
396 silly gentlyRm C:\Users\aayus\Desktop\uber-for-x\node_modules\bindings is being purged from base C:\Users\aayus\Desktop\uber-for-x
397 verbose gentlyRm don't care about contents; nuking C:\Users\aayus\Desktop\uber-for-x\node_modules\bindings
398 silly gentlyRm C:\Users\aayus\Desktop\uber-for-x\node_modules\bindings is being purged from base C:\Users\aayus\Desktop\uber-for-x
399 verbose gentlyRm don't care about contents; nuking C:\Users\aayus\Desktop\uber-for-x\node_modules\bindings
400 silly gentlyRm C:\Users\aayus\Desktop\uber-for-x\node_modules\bindings is being purged from base C:\Users\aayus\Desktop\uber-for-x
401 verbose gentlyRm don't care about contents; nuking C:\Users\aayus\Desktop\uber-for-x\node_modules\bindings
402 silly gentlyRm C:\Users\aayus\Desktop\uber-for-x\node_modules\bindings is being purged from base C:\Users\aayus\Desktop\uber-for-x
403 verbose gentlyRm don't care about contents; nuking C:\Users\aayus\Desktop\uber-for-x\node_modules\bindings
404 silly gentlyRm C:\Users\aayus\Desktop\uber-for-x\node_modules\bindings is being purged from base C:\Users\aayus\Desktop\uber-for-x
405 verbose gentlyRm don't care about contents; nuking C:\Users\aayus\Desktop\uber-for-x\node_modules\bindings
406 silly gentlyRm C:\Users\aayus\Desktop\uber-for-x\node_modules\bindings is being purged from base C:\Users\aayus\Desktop\uber-for-x
407 verbose gentlyRm don't care about contents; nuking C:\Users\aayus\Desktop\uber-for-x\node_modules\bindings
408 silly gentlyRm C:\Users\aayus\Desktop\uber-for-x\node_modules\bindings is being purged from base C:\Users\aayus\Desktop\uber-for-x
409 verbose gentlyRm don't care about contents; nuking C:\Users\aayus\Desktop\uber-for-x\node_modules\bindings
410 silly gentlyRm C:\Users\aayus\Desktop\uber-for-x\node_modules\bindings is being purged from base C:\Users\aayus\Desktop\uber-for-x
411 verbose gentlyRm don't care about contents; nuking C:\Users\aayus\Desktop\uber-for-x\node_modules\bindings
412 silly gentlyRm C:\Users\aayus\Desktop\uber-for-x\node_modules\nan is being purged from base C:\Users\aayus\Desktop\uber-for-x
413 verbose gentlyRm don't care about contents; nuking C:\Users\aayus\Desktop\uber-for-x\node_modules\nan
414 silly gentlyRm C:\Users\aayus\Desktop\uber-for-x\node_modules\nan is being purged from base C:\Users\aayus\Desktop\uber-for-x
415 verbose gentlyRm don't care about contents; nuking C:\Users\aayus\Desktop\uber-for-x\node_modules\nan
416 silly gentlyRm C:\Users\aayus\Desktop\uber-for-x\node_modules\nan is being purged from base C:\Users\aayus\Desktop\uber-for-x
417 verbose gentlyRm don't care about contents; nuking C:\Users\aayus\Desktop\uber-for-x\node_modules\nan
418 silly gentlyRm C:\Users\aayus\Desktop\uber-for-x\node_modules\nan is being purged from base C:\Users\aayus\Desktop\uber-for-x
419 verbose gentlyRm don't care about contents; nuking C:\Users\aayus\Desktop\uber-for-x\node_modules\nan
420 silly gentlyRm C:\Users\aayus\Desktop\uber-for-x\node_modules\nan is being purged from base C:\Users\aayus\Desktop\uber-for-x
421 verbose gentlyRm don't care about contents; nuking C:\Users\aayus\Desktop\uber-for-x\node_modules\nan
422 silly gentlyRm C:\Users\aayus\Desktop\uber-for-x\node_modules\nan is being purged from base C:\Users\aayus\Desktop\uber-for-x
423 verbose gentlyRm don't care about contents; nuking C:\Users\aayus\Desktop\uber-for-x\node_modules\nan
424 silly gentlyRm C:\Users\aayus\Desktop\uber-for-x\node_modules\nan is being purged from base C:\Users\aayus\Desktop\uber-for-x
425 verbose gentlyRm don't care about contents; nuking C:\Users\aayus\Desktop\uber-for-x\node_modules\nan
426 silly gentlyRm C:\Users\aayus\Desktop\uber-for-x\node_modules\nan is being purged from base C:\Users\aayus\Desktop\uber-for-x
427 verbose gentlyRm don't care about contents; nuking C:\Users\aayus\Desktop\uber-for-x\node_modules\nan
428 silly gentlyRm C:\Users\aayus\Desktop\uber-for-x\node_modules\bcrypt is being purged from base C:\Users\aayus\Desktop\uber-for-x
429 verbose gentlyRm don't care about contents; nuking C:\Users\aayus\Desktop\uber-for-x\node_modules\bcrypt
430 silly gentlyRm C:\Users\aayus\Desktop\uber-for-x\node_modules\bcrypt is being purged from base C:\Users\aayus\Desktop\uber-for-x
431 verbose gentlyRm don't care about contents; nuking C:\Users\aayus\Desktop\uber-for-x\node_modules\bcrypt
432 silly gentlyRm C:\Users\aayus\Desktop\uber-for-x\node_modules\bcrypt is being purged from base C:\Users\aayus\Desktop\uber-for-x
433 verbose gentlyRm don't care about contents; nuking C:\Users\aayus\Desktop\uber-for-x\node_modules\bcrypt
434 silly gentlyRm C:\Users\aayus\Desktop\uber-for-x\node_modules\bcrypt is being purged from base C:\Users\aayus\Desktop\uber-for-x
435 verbose gentlyRm don't care about contents; nuking C:\Users\aayus\Desktop\uber-for-x\node_modules\bcrypt
436 silly gentlyRm C:\Users\aayus\Desktop\uber-for-x\node_modules\bcrypt is being purged from base C:\Users\aayus\Desktop\uber-for-x
437 verbose gentlyRm don't care about contents; nuking C:\Users\aayus\Desktop\uber-for-x\node_modules\bcrypt
438 silly gentlyRm C:\Users\aayus\Desktop\uber-for-x\node_modules\bcrypt is being purged from base C:\Users\aayus\Desktop\uber-for-x
439 verbose gentlyRm don't care about contents; nuking C:\Users\aayus\Desktop\uber-for-x\node_modules\bcrypt
440 silly gentlyRm C:\Users\aayus\Desktop\uber-for-x\node_modules\bcrypt is being purged from base C:\Users\aayus\Desktop\uber-for-x
441 verbose gentlyRm don't care about contents; nuking C:\Users\aayus\Desktop\uber-for-x\node_modules\bcrypt
442 silly gentlyRm C:\Users\aayus\Desktop\uber-for-x\node_modules\bcrypt is being purged from base C:\Users\aayus\Desktop\uber-for-x
443 verbose gentlyRm don't care about contents; nuking C:\Users\aayus\Desktop\uber-for-x\node_modules\bcrypt
444 silly vacuum-fs purging C:\Users\aayus\Desktop\uber-for-x\node_modules\bindings
445 silly vacuum-fs purging C:\Users\aayus\Desktop\uber-for-x\node_modules\bindings
446 silly vacuum-fs purging C:\Users\aayus\Desktop\uber-for-x\node_modules\bindings
447 silly vacuum-fs purging C:\Users\aayus\Desktop\uber-for-x\node_modules\bindings
448 silly vacuum-fs purging C:\Users\aayus\Desktop\uber-for-x\node_modules\bindings
449 silly vacuum-fs purging C:\Users\aayus\Desktop\uber-for-x\node_modules\bindings
450 silly vacuum-fs purging C:\Users\aayus\Desktop\uber-for-x\node_modules\bindings
451 silly vacuum-fs purging C:\Users\aayus\Desktop\uber-for-x\node_modules\bindings
452 silly vacuum-fs purging C:\Users\aayus\Desktop\uber-for-x\node_modules\nan
453 silly vacuum-fs purging C:\Users\aayus\Desktop\uber-for-x\node_modules\nan
454 silly vacuum-fs purging C:\Users\aayus\Desktop\uber-for-x\node_modules\nan
455 silly vacuum-fs purging C:\Users\aayus\Desktop\uber-for-x\node_modules\nan
456 silly vacuum-fs purging C:\Users\aayus\Desktop\uber-for-x\node_modules\nan
457 silly vacuum-fs purging C:\Users\aayus\Desktop\uber-for-x\node_modules\nan
458 silly vacuum-fs purging C:\Users\aayus\Desktop\uber-for-x\node_modules\nan
459 silly vacuum-fs purging C:\Users\aayus\Desktop\uber-for-x\node_modules\nan
460 silly vacuum-fs purging C:\Users\aayus\Desktop\uber-for-x\node_modules\bcrypt
461 silly vacuum-fs purging C:\Users\aayus\Desktop\uber-for-x\node_modules\bcrypt
462 silly vacuum-fs purging C:\Users\aayus\Desktop\uber-for-x\node_modules\bcrypt
463 silly vacuum-fs purging C:\Users\aayus\Desktop\uber-for-x\node_modules\bcrypt
464 silly vacuum-fs purging C:\Users\aayus\Desktop\uber-for-x\node_modules\bcrypt
465 silly vacuum-fs purging C:\Users\aayus\Desktop\uber-for-x\node_modules\bcrypt
466 silly vacuum-fs purging C:\Users\aayus\Desktop\uber-for-x\node_modules\bcrypt
467 silly vacuum-fs purging C:\Users\aayus\Desktop\uber-for-x\node_modules\bcrypt
468 silly vacuum-fs quitting because other entries in C:\Users\aayus\Desktop\uber-for-x\node_modules
469 silly vacuum-fs quitting because other entries in C:\Users\aayus\Desktop\uber-for-x\node_modules
470 silly vacuum-fs quitting because other entries in C:\Users\aayus\Desktop\uber-for-x\node_modules
471 silly vacuum-fs quitting because other entries in C:\Users\aayus\Desktop\uber-for-x\node_modules
472 silly vacuum-fs quitting because other entries in C:\Users\aayus\Desktop\uber-for-x\node_modules
473 silly vacuum-fs quitting because other entries in C:\Users\aayus\Desktop\uber-for-x\node_modules
474 silly vacuum-fs quitting because other entries in C:\Users\aayus\Desktop\uber-for-x\node_modules
475 silly vacuum-fs quitting because other entries in C:\Users\aayus\Desktop\uber-for-x\node_modules
476 silly vacuum-fs quitting because other entries in C:\Users\aayus\Desktop\uber-for-x\node_modules
477 silly vacuum-fs quitting because other entries in C:\Users\aayus\Desktop\uber-for-x\node_modules
478 silly vacuum-fs quitting because other entries in C:\Users\aayus\Desktop\uber-for-x\node_modules
479 silly vacuum-fs quitting because other entries in C:\Users\aayus\Desktop\uber-for-x\node_modules
480 silly vacuum-fs quitting because other entries in C:\Users\aayus\Desktop\uber-for-x\node_modules
481 silly vacuum-fs quitting because other entries in C:\Users\aayus\Desktop\uber-for-x\node_modules
482 silly vacuum-fs quitting because other entries in C:\Users\aayus\Desktop\uber-for-x\node_modules
483 silly vacuum-fs quitting because other entries in C:\Users\aayus\Desktop\uber-for-x\node_modules
484 silly vacuum-fs quitting because other entries in C:\Users\aayus\Desktop\uber-for-x\node_modules
485 silly vacuum-fs quitting because other entries in C:\Users\aayus\Desktop\uber-for-x\node_modules
486 silly vacuum-fs quitting because other entries in C:\Users\aayus\Desktop\uber-for-x\node_modules
487 silly vacuum-fs quitting because other entries in C:\Users\aayus\Desktop\uber-for-x\node_modules
488 silly vacuum-fs quitting because other entries in C:\Users\aayus\Desktop\uber-for-x\node_modules
489 silly vacuum-fs quitting because other entries in C:\Users\aayus\Desktop\uber-for-x\node_modules
490 silly vacuum-fs quitting because other entries in C:\Users\aayus\Desktop\uber-for-x\node_modules
491 silly vacuum-fs quitting because other entries in C:\Users\aayus\Desktop\uber-for-x\node_modules
492 silly rollbackFailedOptional Finishing
493 silly runTopLevelLifecycles Finishing
494 silly install printInstalled
495 verbose stack Error: bcrypt@0.8.7 install: `node-gyp rebuild`
495 verbose stack Exit status 1
495 verbose stack     at EventEmitter.<anonymous> (C:\Program Files\nodejs\node_modules\npm\lib\utils\lifecycle.js:279:16)
495 verbose stack     at emitTwo (events.js:106:13)
495 verbose stack     at EventEmitter.emit (events.js:194:7)
495 verbose stack     at ChildProcess.<anonymous> (C:\Program Files\nodejs\node_modules\npm\lib\utils\spawn.js:40:14)
495 verbose stack     at emitTwo (events.js:106:13)
495 verbose stack     at ChildProcess.emit (events.js:194:7)
495 verbose stack     at maybeClose (internal/child_process.js:899:16)
495 verbose stack     at Process.ChildProcess._handle.onexit (internal/child_process.js:226:5)
496 verbose pkgid bcrypt@0.8.7
497 verbose cwd C:\Users\aayus\Desktop\uber-for-x
498 error Windows_NT 10.0.14393
499 error argv "C:\\Program Files\\nodejs\\node.exe" "C:\\Program Files\\nodejs\\node_modules\\npm\\bin\\npm-cli.js" "install"
500 error node v7.7.2
501 error npm  v4.1.2
502 error code ELIFECYCLE
503 error bcrypt@0.8.7 install: `node-gyp rebuild`
503 error Exit status 1
504 error Failed at the bcrypt@0.8.7 install script 'node-gyp rebuild'.
504 error Make sure you have the latest version of node.js and npm installed.
504 error If you do, this is most likely a problem with the bcrypt package,
504 error not with npm itself.
504 error Tell the author that this fails on your system:
504 error     node-gyp rebuild
504 error You can get information on how to open an issue for this project with:
504 error     npm bugs bcrypt
504 error Or if that isn't available, you can get their info via:
504 error     npm owner ls bcrypt
504 error There is likely additional logging output above.
505 verbose exit [ 1, true ]
